c:\users\gtb\documents\github\catanbaton\project2\debug\vc140.pdb
c:\users\gtb\documents\github\catanbaton\project2\debug\vc140.idb
c:\users\gtb\documents\github\catanbaton\project2\debug\catanbaton.obj
c:\users\gtb\documents\github\catanbaton\project2\debug\clientbaton.obj
c:\users\gtb\documents\github\catanbaton\project2\debug\clientframehandler.obj
c:\users\gtb\documents\github\catanbaton\project2\debug\clienttransmithandler.obj
c:\users\gtb\documents\github\catanbaton\project2\debug\player.obj
c:\users\gtb\documents\github\catanbaton\project2\debug\game.obj
c:\users\gtb\documents\github\catanbaton\project2\debug\playerclient.obj
c:\users\gtb\documents\github\catanbaton\project2\debug\server_catan.obj
c:\users\gtb\documents\github\catanbaton\project2\debug\tcpclient.obj
c:\users\gtb\documents\github\catanbaton\project2\debug\tcpserver.obj
c:\users\gtb\documents\github\catanbaton\project2\debug\tile.obj
c:\users\gtb\documents\github\catanbaton\project2\debug\tile_client.obj
c:\users\gtb\documents\github\catanbaton\project2\debug\catanbaton.res
c:\users\gtb\documents\github\catanbaton\debug\catanbaton.pdb
c:\users\gtb\documents\github\catanbaton\project2\debug\catanbaton.tlog\cl.command.1.tlog
c:\users\gtb\documents\github\catanbaton\project2\debug\catanbaton.tlog\cl.read.1.tlog
c:\users\gtb\documents\github\catanbaton\project2\debug\catanbaton.tlog\cl.write.1.tlog
c:\users\gtb\documents\github\catanbaton\project2\debug\catanbaton.tlog\link-cvtres.read.1.tlog
c:\users\gtb\documents\github\catanbaton\project2\debug\catanbaton.tlog\link-cvtres.write.1.tlog
c:\users\gtb\documents\github\catanbaton\project2\debug\catanbaton.tlog\link-rc.read.1.tlog
c:\users\gtb\documents\github\catanbaton\project2\debug\catanbaton.tlog\link-rc.write.1.tlog
c:\users\gtb\documents\github\catanbaton\project2\debug\catanbaton.tlog\link.command.1.tlog
c:\users\gtb\documents\github\catanbaton\project2\debug\catanbaton.tlog\link.read.1.tlog
c:\users\gtb\documents\github\catanbaton\project2\debug\catanbaton.tlog\link.write.1.tlog
c:\users\gtb\documents\github\catanbaton\project2\debug\catanbaton.tlog\rc.command.1.tlog
c:\users\gtb\documents\github\catanbaton\project2\debug\catanbaton.tlog\rc.read.1.tlog
c:\users\gtb\documents\github\catanbaton\project2\debug\catanbaton.tlog\rc.write.1.tlog
