Build started 10/12/2015 6:32:20 PM.
     1>Project "C:\Users\gtb\Documents\GitHub\catanbaton\Project2\Project2.vcxproj" on node 2 (Build target(s)).
     1>ClCompile:
         C:\Program Files (x86)\Microsoft Visual Studio 14.0\VC\bin\CL.exe /c /AI"C:\Program Files (x86)\Reference Assemblies\Microsoft\Framework\.NETFramework\v4.5.2\\" /AI"C:\Program Files (x86)\Windows Kits\8.1\References\CommonConfiguration\Neutral" /AI"C:\Program Files (x86)\Reference Assemblies\Microsoft\Framework\.NETFramework\v4.5.2\Facades\\" /Zi /clr /nologo /W3 /WX- /Od /Oy- /D WIN32 /D _DEBUG /D _UNICODE /D UNICODE /EHa /MDd /GS /fp:precise /Zc:wchar_t /Zc:forScope /Zc:inline /Fo"Debug\\" /Fd"Debug\vc140.pdb" /TP /FU"C:\Program Files (x86)\Reference Assemblies\Microsoft\Framework\.NETFramework\v4.5.2\Microsoft.VisualBasic.dll" /FUC:\Users\gtb\Documents\GitHub\catanbaton\Debug\Microsoft.VisualBasic.PowerPacks.Vs.dll /FU"C:\Program Files (x86)\Reference Assemblies\Microsoft\Framework\.NETFramework\v4.5.2\mscorlib.dll" /FU"C:\Program Files (x86)\Reference Assemblies\Microsoft\Framework\.NETFramework\v4.5.2\System.Data.dll" /FU"C:\Program Files (x86)\Reference Assemblies\Microsoft\Framework\.NETFramework\v4.5.2\System.dll" /FU"C:\Program Files (x86)\Reference Assemblies\Microsoft\Framework\.NETFramework\v4.5.2\System.Drawing.dll" /FU"C:\Program Files (x86)\Reference Assemblies\Microsoft\Framework\.NETFramework\v4.5.2\System.Windows.Forms.dll" /FU"C:\Program Files (x86)\Reference Assemblies\Microsoft\Framework\.NETFramework\v4.5.2\System.Xml.dll" /analyze- /errorReport:prompt /clr:nostdlib catanBaton.cpp clientFramehandler.cpp clientTransmitHandler.cpp gameClient.cpp player.cpp game.cpp playerClient.cpp server_Catan.cpp tcpclient.cpp tcpserver.cpp Tile.cpp Tile_client.cpp
         catanBaton.cpp
     1>C:\Program Files (x86)\Microsoft Visual Studio 14.0\VC\include\thread(8): fatal error C1189: #error:  <thread> is not supported when compiling with /clr or /clr:pure.
         clientFramehandler.cpp
     1>clientFramehandler.cpp(284): warning C4244: '=': conversion from 'double' to 'int', possible loss of data
     1>clientFramehandler.cpp(285): warning C4244: '=': conversion from 'double' to 'int', possible loss of data
         clientTransmitHandler.cpp
     1>clientTransmitHandler.cpp(67): warning C4018: '<': signed/unsigned mismatch
         gameClient.cpp
     1>C:\Program Files (x86)\Microsoft Visual Studio 14.0\VC\include\thread(8): fatal error C1189: #error:  <thread> is not supported when compiling with /clr or /clr:pure.
         player.cpp
         game.cpp
     1>game.cpp(116): warning C4244: 'argument': conversion from 'time_t' to 'unsigned int', possible loss of data
     1>game.cpp(711): warning C4244: 'argument': conversion from 'time_t' to 'unsigned int', possible loss of data
     1>game.cpp(788): warning C4018: '<': signed/unsigned mismatch
     1>game.cpp(790): warning C4018: '<': signed/unsigned mismatch
     1>game.cpp(792): warning C4018: '<': signed/unsigned mismatch
     1>game.cpp(794): warning C4018: '<': signed/unsigned mismatch
     1>game.cpp(796): warning C4018: '<': signed/unsigned mismatch
     1>game.cpp(798): warning C4018: '<': signed/unsigned mismatch
     1>game.cpp(800): warning C4018: '<': signed/unsigned mismatch
     1>game.cpp(802): warning C4018: '<': signed/unsigned mismatch
     1>game.cpp(804): warning C4018: '<': signed/unsigned mismatch
     1>game.cpp(806): warning C4018: '<': signed/unsigned mismatch
         playerClient.cpp
         server_Catan.cpp
     1>C:\Program Files (x86)\Microsoft Visual Studio 14.0\VC\include\thread(8): fatal error C1189: #error:  <thread> is not supported when compiling with /clr or /clr:pure.
         tcpclient.cpp
         tcpserver.cpp
         Tile.cpp
     1>Tile.cpp(406): warning C4018: '<': signed/unsigned mismatch
         Tile_client.cpp
         Generating Code...
     1>Done Building Project "C:\Users\gtb\Documents\GitHub\catanbaton\Project2\Project2.vcxproj" (Build target(s)) -- FAILED.

Build FAILED.

Time Elapsed 00:00:19.11
